==25150== Memcheck, a memory error detector
==25150== Copyright (C) 2002-2015, and GNU GPL'd, by Julian Seward et al.
==25150== Using Valgrind-3.11.0 and LibVEX; rerun with -h for copyright info
==25150== Command: ./main exemple_fractales.txt best.bmp
==25150== Parent PID: 25149
==25150== 
--25150-- 
--25150-- Valgrind options:
--25150--    -v
--25150--    --tool=memcheck
--25150--    --leak-check=full
--25150--    --num-callers=40
--25150--    --log-file=valgrind.log
--25150-- Contents of /proc/version:
--25150--   Linux version 4.4.6-300.fc23.x86_64 (mockbuild@bkernel02.phx2.fedoraproject.org) (gcc version 5.3.1 20151207 (Red Hat 5.3.1-2) (GCC) ) #1 SMP Wed Mar 16 22:10:37 UTC 2016
--25150-- 
--25150-- Arch and hwcaps: AMD64, LittleEndian, amd64-cx16-rdtscp-sse3-avx
--25150-- Page sizes: currently 4096, max supported 4096
--25150-- Valgrind library directory: /usr/lib64/valgrind
--25150-- Reading syms from /home/jaigret/Documents/Project/GitHub/FractalProject/fractal_AIGRET_VANVYVE/main
--25150-- Reading syms from /usr/lib64/ld-2.22.so
--25150-- Reading syms from /usr/lib64/valgrind/memcheck-amd64-linux
--25150--    object doesn't have a symbol table
--25150--    object doesn't have a dynamic symbol table
--25150-- Scheduler: using generic scheduler lock implementation.
--25150-- Reading suppressions file: /usr/lib64/valgrind/default.supp
==25150== embedded gdbserver: reading from /tmp/vgdb-pipe-from-vgdb-to-25150-by-jaigret-on-localhost.localdomain
==25150== embedded gdbserver: writing to   /tmp/vgdb-pipe-to-vgdb-from-25150-by-jaigret-on-localhost.localdomain
==25150== embedded gdbserver: shared mem   /tmp/vgdb-pipe-shared-mem-vgdb-25150-by-jaigret-on-localhost.localdomain
==25150== 
==25150== TO CONTROL THIS PROCESS USING vgdb (which you probably
==25150== don't want to do, unless you know exactly what you're doing,
==25150== or are doing some strange experiment):
==25150==   /usr/lib64/valgrind/../../bin/vgdb --pid=25150 ...command...
==25150== 
==25150== TO DEBUG THIS PROCESS USING GDB: start GDB like this
==25150==   /path/to/gdb ./main
==25150== and then give GDB the following command
==25150==   target remote | /usr/lib64/valgrind/../../bin/vgdb --pid=25150
==25150== --pid is optional if only one valgrind process is running
==25150== 
--25150-- REDIR: 0x4019b90 (ld-linux-x86-64.so.2:strlen) redirected to 0x3809e321 (???)
--25150-- REDIR: 0x40198f0 (ld-linux-x86-64.so.2:index) redirected to 0x3809e33b (???)
--25150-- Reading syms from /usr/lib64/valgrind/vgpreload_core-amd64-linux.so
--25150-- Reading syms from /usr/lib64/valgrind/vgpreload_memcheck-amd64-linux.so
==25150== WARNING: new redirection conflicts with existing -- ignoring it
--25150--     old: 0x04019b90 (strlen              ) R-> (0000.0) 0x3809e321 ???
--25150--     new: 0x04019b90 (strlen              ) R-> (2007.0) 0x04c2bad0 strlen
--25150-- REDIR: 0x4019b10 (ld-linux-x86-64.so.2:strcmp) redirected to 0x4c2cb80 (strcmp)
--25150-- REDIR: 0x401a850 (ld-linux-x86-64.so.2:mempcpy) redirected to 0x4c2fda0 (mempcpy)
--25150-- Reading syms from /usr/lib64/libpthread-2.22.so
--25150-- Reading syms from /usr/lib64/libSDL-1.2.so.0.11.4
--25150--    object doesn't have a symbol table
--25150-- Reading syms from /usr/lib64/libc-2.22.so
--25150-- Reading syms from /usr/lib64/libm-2.22.so
--25150-- Reading syms from /usr/lib64/libdl-2.22.so
--25150-- REDIR: 0x537dde0 (libc.so.6:strcasecmp) redirected to 0x4a2372e (_vgnU_ifunc_wrapper)
--25150-- REDIR: 0x5379670 (libc.so.6:strcspn) redirected to 0x4a2372e (_vgnU_ifunc_wrapper)
--25150-- REDIR: 0x53800d0 (libc.so.6:strncasecmp) redirected to 0x4a2372e (_vgnU_ifunc_wrapper)
--25150-- REDIR: 0x537bb00 (libc.so.6:strpbrk) redirected to 0x4a2372e (_vgnU_ifunc_wrapper)
--25150-- REDIR: 0x537be90 (libc.so.6:strspn) redirected to 0x4a2372e (_vgnU_ifunc_wrapper)
--25150-- REDIR: 0x537d56b (libc.so.6:memcpy@GLIBC_2.2.5) redirected to 0x4a2372e (_vgnU_ifunc_wrapper)
--25150-- REDIR: 0x5377e70 (libc.so.6:index) redirected to 0x4a2372e (_vgnU_ifunc_wrapper)
--25150-- REDIR: 0x537d5c0 (libc.so.6:memset) redirected to 0x4a2372e (_vgnU_ifunc_wrapper)
--25150-- REDIR: 0x537cfd0 (libc.so.6:bcmp) redirected to 0x4a2372e (_vgnU_ifunc_wrapper)
--25150-- REDIR: 0x53780c0 (libc.so.6:strcmp) redirected to 0x4a2372e (_vgnU_ifunc_wrapper)
--25150-- REDIR: 0x5400620 (libc.so.6:__memcpy_chk) redirected to 0x4a2372e (_vgnU_ifunc_wrapper)
--25150-- REDIR: 0x53827b0 (libc.so.6:memcpy@@GLIBC_2.14) redirected to 0x4a2372e (_vgnU_ifunc_wrapper)
--25150-- REDIR: 0x537ca40 (libc.so.6:strstr) redirected to 0x4a2372e (_vgnU_ifunc_wrapper)
--25150-- REDIR: 0x537b810 (libc.so.6:rindex) redirected to 0x4c2b450 (rindex)
--25150-- REDIR: 0x538d920 (libc.so.6:__strcmp_sse2_unaligned) redirected to 0x4c2ca40 (strcmp)
--25150-- REDIR: 0x5384b40 (libc.so.6:strchrnul) redirected to 0x4c2f8d0 (strchrnul)
--25150-- REDIR: 0x537d790 (libc.so.6:__GI_mempcpy) redirected to 0x4c2fad0 (__GI_mempcpy)
--25150-- REDIR: 0x5379b10 (libc.so.6:strlen) redirected to 0x4c2ba10 (strlen)
--25150-- REDIR: 0x5372900 (libc.so.6:malloc) redirected to 0x4c28b6f (malloc)
--25150-- REDIR: 0x53733f0 (libc.so.6:calloc) redirected to 0x4c2a8f2 (calloc)
==25150== Thread 3:
==25150== Conditional jump or move depends on uninitialised value(s)
==25150==    at 0x401894: computeFunc (in /home/jaigret/Documents/Project/GitHub/FractalProject/fractal_AIGRET_VANVYVE/main)
==25150==    by 0x4E3C609: start_thread (in /usr/lib64/libpthread-2.22.so)
==25150== 
==25150== 
==25150== More than 10000000 total errors detected.  I'm not reporting any more.
==25150== Final error counts will be inaccurate.  Go fix your program!
==25150== Rerun with --error-limit=no to disable this cutoff.  Note
==25150== that errors may occur in your program without prior warning from
==25150== Valgrind, because errors are no longer being displayed.
==25150== 
--25150-- REDIR: 0x537c470 (libc.so.6:__GI_strstr) redirected to 0x4c30000 (__strstr_sse2)
--25150-- REDIR: 0x537cc80 (libc.so.6:memchr) redirected to 0x4c2cc20 (memchr)
--25150-- REDIR: 0x5382820 (libc.so.6:__GI_memcpy) redirected to 0x4c2d5d0 (__GI_memcpy)
--25150-- REDIR: 0x5379550 (libc.so.6:strcpy) redirected to 0x4a2372e (_vgnU_ifunc_wrapper)
--25150-- REDIR: 0x5392790 (libc.so.6:__strcpy_sse2_unaligned) redirected to 0x4c2baf0 (strcpy)
--25150-- REDIR: 0x5372c60 (libc.so.6:free) redirected to 0x4c29c69 (free)
--25150-- REDIR: 0x5379cd0 (libc.so.6:strnlen) redirected to 0x4c2b990 (strnlen)
==25150== 
==25150== HEAP SUMMARY:
==25150==     in use at exit: 8,294,756 bytes in 8 blocks
==25150==   total heap usage: 22 allocs, 15 frees, 22,811,828 bytes allocated
==25150== 
==25150== Searching for pointers to 8 not-freed blocks
==25150== Checked 25,274,952 bytes
==25150== 
==25150== Thread 1:
==25150== 6 bytes in 1 blocks are definitely lost in loss record 2 of 8
==25150==    at 0x4C28BF6: malloc (vg_replace_malloc.c:299)
==25150==    by 0x40168E: readerFunc (in /home/jaigret/Documents/Project/GitHub/FractalProject/fractal_AIGRET_VANVYVE/main)
==25150==    by 0x4E3C609: start_thread (in /usr/lib64/libpthread-2.22.so)
==25150== 
==25150== 272 bytes in 1 blocks are possibly lost in loss record 7 of 8
==25150==    at 0x4C2A988: calloc (vg_replace_malloc.c:711)
==25150==    by 0x40122D4: _dl_allocate_tls (in /usr/lib64/ld-2.22.so)
==25150==    by 0x4E3D145: pthread_create@@GLIBC_2.2.5 (in /usr/lib64/libpthread-2.22.so)
==25150==    by 0x4013F9: main (in /home/jaigret/Documents/Project/GitHub/FractalProject/fractal_AIGRET_VANVYVE/main)
==25150== 
==25150== LEAK SUMMARY:
==25150==    definitely lost: 6 bytes in 1 blocks
==25150==    indirectly lost: 0 bytes in 0 blocks
==25150==      possibly lost: 272 bytes in 1 blocks
==25150==    still reachable: 8,294,478 bytes in 6 blocks
==25150==         suppressed: 0 bytes in 0 blocks
==25150== Reachable blocks (those to which a pointer was found) are not shown.
==25150== To see them, rerun with: --leak-check=full --show-leak-kinds=all
==25150== 
==25150== Use --track-origins=yes to see where uninitialised values come from
==25150== ERROR SUMMARY: 10000002 errors from 3 contexts (suppressed: 0 from 0)
==25150== 
==25150== 10000000 errors in context 1 of 3:
==25150== Thread 3:
==25150== Conditional jump or move depends on uninitialised value(s)
==25150==    at 0x401894: computeFunc (in /home/jaigret/Documents/Project/GitHub/FractalProject/fractal_AIGRET_VANVYVE/main)
==25150==    by 0x4E3C609: start_thread (in /usr/lib64/libpthread-2.22.so)
==25150== 
==25150== ERROR SUMMARY: 10000002 errors from 3 contexts (suppressed: 0 from 0)
